<?xml version="1.0" encoding="utf-8"?><testsuites name="pytest tests"><testsuite name="pytest" errors="0" failures="0" skipped="1" tests="8" time="128.720" timestamp="2026-04-24T20:01:17.420420+00:00" hostname="agent-env-0da3bcfe-b03b-450a-8d46-8379b46c1496"><testcase classname="backend.tests.test_iteration33_compliance_graph_dedupe.TestDedupe" name="test_dedupe_dry_run_by_url" time="39.631" /><testcase classname="backend.tests.test_iteration33_compliance_graph_dedupe.TestDedupe" name="test_dedupe_dry_run_by_source_circno" time="0.504" /><testcase classname="backend.tests.test_iteration33_compliance_graph_dedupe.TestDedupe" name="test_dedupe_invalid_match_on" time="0.054" /><testcase classname="backend.tests.test_iteration33_compliance_graph_dedupe.TestDedupe" name="test_dedupe_sebi_execute_and_verify" time="0.070"><skipped type="pytest.skip" message="No SEBI duplicates present; cannot exercise delete path">/app/backend/tests/test_iteration33_compliance_graph_dedupe.py:92: No SEBI duplicates present; cannot exercise delete path</skipped></testcase><testcase classname="backend.tests.test_iteration33_compliance_graph_dedupe.TestGraph" name="test_graph_stats" time="0.061" /><testcase classname="backend.tests.test_iteration33_compliance_graph_dedupe.TestGraph" name="test_graph_query_no_enrich" time="15.853" /><testcase classname="backend.tests.test_iteration33_compliance_graph_dedupe.TestGraph" name="test_graph_query_with_enrich_and_cache" time="72.395" /><testcase classname="backend.tests.test_iteration33_compliance_graph_dedupe.TestGraph" name="test_graph_subgraph_by_source" time="0.089" /></testsuite></testsuites>