<?xml version="1.0" encoding="utf-8"?><testsuites name="pytest tests"><testsuite name="pytest" errors="0" failures="0" skipped="0" tests="24" time="10.595" timestamp="2026-04-18T06:00:54.524335+00:00" hostname="agent-env-03dde1ad-f4a3-4690-bc27-acb490225d23"><testcase classname="tests.test_iteration28_strategy_aware_reinvest.TestPortfolioStrategiesConfig" name="test_portfolio_strategies_exist" time="0.083" /><testcase classname="tests.test_iteration28_strategy_aware_reinvest.TestPortfolioStrategiesConfig" name="test_value_stocks_screener_criteria" time="0.000" /><testcase classname="tests.test_iteration28_strategy_aware_reinvest.TestPortfolioStrategiesConfig" name="test_long_term_screener_criteria" time="0.000" /><testcase classname="tests.test_iteration28_strategy_aware_reinvest.TestAutoReinvestScreenerLogic" name="test_passes_screener_value_stocks_pass" time="0.288" /><testcase classname="tests.test_iteration28_strategy_aware_reinvest.TestAutoReinvestScreenerLogic" name="test_passes_screener_value_stocks_fail_pe" time="0.000" /><testcase classname="tests.test_iteration28_strategy_aware_reinvest.TestAutoReinvestScreenerLogic" name="test_passes_screener_value_stocks_fail_de" time="0.000" /><testcase classname="tests.test_iteration28_strategy_aware_reinvest.TestAutoReinvestScreenerLogic" name="test_passes_screener_long_term_pass" time="0.000" /><testcase classname="tests.test_iteration28_strategy_aware_reinvest.TestAutoReinvestScreenerLogic" name="test_passes_screener_long_term_fail_mc" time="0.000" /><testcase classname="tests.test_iteration28_strategy_aware_reinvest.TestAutoReinvestScoringLogic" name="test_momentum_scoring_rewards_3m_return" time="0.000" /><testcase classname="tests.test_iteration28_strategy_aware_reinvest.TestAutoReinvestScoringLogic" name="test_oversold_scoring_rewards_low_rsi" time="0.000" /><testcase classname="tests.test_iteration28_strategy_aware_reinvest.TestAutoReinvestScoringLogic" name="test_value_scoring_rewards_low_pe" time="0.000" /><testcase classname="tests.test_iteration28_strategy_aware_reinvest.TestAutoReinvestScoringLogic" name="test_dividend_yield_scoring_caps_at_15" time="0.000" /><testcase classname="tests.test_iteration28_strategy_aware_reinvest.TestPortfolioOverviewAPI" name="test_overview_returns_200" time="6.803" /><testcase classname="tests.test_iteration28_strategy_aware_reinvest.TestPortfolioOverviewAPI" name="test_overview_has_6_portfolios" time="0.116" /><testcase classname="tests.test_iteration28_strategy_aware_reinvest.TestPortfolioOverviewAPI" name="test_overview_nav_positive" time="0.197" /><testcase classname="tests.test_iteration28_strategy_aware_reinvest.TestPortfolioOverviewAPI" name="test_overview_total_pnl_invariant" time="0.108" /><testcase classname="tests.test_iteration28_strategy_aware_reinvest.TestPortfolioOverviewAPI" name="test_overview_total_return_positive" time="0.105" /><testcase classname="tests.test_iteration28_strategy_aware_reinvest.TestReconciledHoldings" name="test_bespoke_has_powergrid" time="0.618" /><testcase classname="tests.test_iteration28_strategy_aware_reinvest.TestReconciledHoldings" name="test_quick_entry_has_ongc" time="0.126" /><testcase classname="tests.test_iteration28_strategy_aware_reinvest.TestReconciledHoldings" name="test_value_stocks_has_wipro" time="0.106" /><testcase classname="tests.test_iteration28_strategy_aware_reinvest.TestExitHistoryAPI" name="test_exit_history_value_stocks" time="0.892" /><testcase classname="tests.test_iteration28_strategy_aware_reinvest.TestExitHistoryAPI" name="test_exit_history_bespoke" time="0.213" /><testcase classname="tests.test_iteration28_strategy_aware_reinvest.TestExitHistoryAPI" name="test_exit_history_quick_entry" time="0.158" /><testcase classname="tests.test_iteration28_strategy_aware_reinvest.TestPerPortfolioPnLInvariant" name="test_all_portfolios_pnl_invariant" time="0.690" /></testsuite></testsuites>