<?xml version="1.0" encoding="utf-8"?><testsuites name="pytest tests"><testsuite name="pytest" errors="0" failures="0" skipped="0" tests="9" time="16.958" timestamp="2026-04-19T09:57:44.520695+00:00" hostname="agent-env-13581ef3-a8d2-46b4-8ed6-4e0f2d864322"><testcase classname="backend.tests.test_iteration30_compliance_progress.TestComplianceStats" name="test_stats_top_level_shape" time="9.098" /><testcase classname="backend.tests.test_iteration30_compliance_progress.TestComplianceStats" name="test_per_source_fields" time="0.143" /><testcase classname="backend.tests.test_iteration30_compliance_progress.TestComplianceStats" name="test_progress_pct_matches_distinct_years" time="0.168" /><testcase classname="backend.tests.test_iteration30_compliance_progress.TestStatePersistence" name="test_state_docs_present" time="0.001" /><testcase classname="backend.tests.test_iteration30_compliance_progress.TestStatePersistence" name="test_cycle_count_is_numeric" time="0.000" /><testcase classname="backend.tests.test_iteration30_compliance_progress.TestIngestNow" name="test_trigger_returns_started" time="0.099" /><testcase classname="backend.tests.test_iteration30_compliance_progress.TestResearchStillWorks" name="test_research_validation" time="0.139" /><testcase classname="backend.tests.test_iteration30_compliance_progress.TestResearchStillWorks" name="test_research_answer" time="6.926" /><testcase classname="backend.tests.test_iteration30_compliance_progress.TestStatsNoStateEdgeCase" name="test_stats_idempotent" time="0.247" /></testsuite></testsuites>