<?xml version="1.0" encoding="utf-8"?><testsuites name="pytest tests"><testsuite name="pytest" errors="0" failures="0" skipped="0" tests="7" time="7.918" timestamp="2026-04-15T18:44:11.365970+00:00" hostname="agent-env-1689a066-5dea-4940-af37-63909cfa5fbc"><testcase classname="backend.tests.test_iteration22_hardening.TestHealthEndpoint" name="test_health_returns_ok" time="5.640" /><testcase classname="backend.tests.test_iteration22_hardening.TestGuidanceVectors" name="test_vectors_stats_ready" time="0.179" /><testcase classname="backend.tests.test_iteration22_hardening.TestPortfolios" name="test_portfolios_returns_six" time="0.143" /><testcase classname="backend.tests.test_iteration22_hardening.TestAuditLogEmailCapture" name="test_check_email_captures_user_email" time="0.423" /><testcase classname="backend.tests.test_iteration22_hardening.TestAuditLogEmailCapture" name="test_login_captures_user_email" time="0.576" /><testcase classname="backend.tests.test_iteration22_hardening.TestAuditLogEmailCapture" name="test_audit_log_shows_user_emails" time="0.726" /><testcase classname="backend.tests.test_iteration22_hardening.TestGodModeScannerEndpoint" name="test_scan_history_endpoint_exists" time="0.148" /></testsuite></testsuites>