<?xml version="1.0" encoding="utf-8"?><testsuites name="pytest tests"><testsuite name="pytest" errors="0" failures="0" skipped="0" tests="10" time="132.618" timestamp="2026-04-24T21:10:56.600411+00:00" hostname="agent-env-0da3bcfe-b03b-450a-8d46-8379b46c1496"><testcase classname="backend.tests.test_iteration35_graph_daemon.TestGraphExtraction" name="test_extraction_status_shape" time="0.200" /><testcase classname="backend.tests.test_iteration35_graph_daemon.TestGraphExtraction" name="test_extraction_running_after_manual_start" time="0.112" /><testcase classname="backend.tests.test_iteration35_graph_daemon.TestGraphExtraction" name="test_start_extraction_idempotent" time="0.197" /><testcase classname="backend.tests.test_iteration35_graph_daemon.TestGraphExtraction" name="test_daemon_progress_over_60s" time="65.249" /><testcase classname="backend.tests.test_iteration35_graph_daemon.TestSmartResearchForceMode" name="test_force_multihop_override" time="0.241" /><testcase classname="backend.tests.test_iteration35_graph_daemon.TestSmartResearchForceMode" name="test_no_force_mode_classifier" time="1.352" /><testcase classname="backend.tests.test_iteration35_graph_daemon.TestRegressions" name="test_graph_stats" time="0.186" /><testcase classname="backend.tests.test_iteration35_graph_daemon.TestRegressions" name="test_dedupe_dry_run" time="0.787" /><testcase classname="backend.tests.test_iteration35_graph_daemon.TestRegressions" name="test_rebuild" time="54.395" /><testcase classname="backend.tests.test_iteration35_graph_daemon.TestRegressions" name="test_narrow_classification" time="9.816" /></testsuite></testsuites>