<?xml version="1.0" encoding="utf-8"?><testsuites name="pytest tests"><testsuite name="pytest" errors="0" failures="0" skipped="0" tests="10" time="46.468" timestamp="2026-04-14T19:24:40.335896+00:00" hostname="agent-env-1689a066-5dea-4940-af37-63909cfa5fbc"><testcase classname="tests.test_guidance_vectors.TestHealthCheck" name="test_health_endpoint" time="7.038" /><testcase classname="tests.test_guidance_vectors.TestVectorStoreStats" name="test_vector_stats_returns_ready" time="0.166" /><testcase classname="tests.test_guidance_vectors.TestVectorStoreStats" name="test_vector_stats_has_last_built" time="0.194" /><testcase classname="tests.test_guidance_vectors.TestVectorStoreRebuild" name="test_rebuild_vector_store" time="5.101" /><testcase classname="tests.test_guidance_vectors.TestGuidancePrune" name="test_prune_returns_count_and_retention" time="0.210" /><testcase classname="tests.test_guidance_vectors.TestGuidanceAsk" name="test_ask_board_meeting_question" time="19.433" /><testcase classname="tests.test_guidance_vectors.TestGuidanceAsk" name="test_ask_reliance_filings" time="13.834" /><testcase classname="tests.test_guidance_vectors.TestGuidanceStats" name="test_guidance_stats_includes_retention_and_vector_store" time="0.139" /><testcase classname="tests.test_guidance_vectors.TestGuidanceList" name="test_guidance_list_returns_items_from_last_3_months" time="0.134" /><testcase classname="tests.test_guidance_vectors.TestGuidanceStocks" name="test_guidance_stocks_returns_list" time="0.129" /></testsuite></testsuites>