<?xml version="1.0" encoding="utf-8"?><testsuites name="pytest tests"><testsuite name="pytest" errors="0" failures="0" skipped="0" tests="13" time="3.041" timestamp="2026-04-18T05:46:21.503327+00:00" hostname="agent-env-03dde1ad-f4a3-4690-bc27-acb490225d23"><testcase classname="backend.tests.test_iteration27_pms_accounting.TestOverviewPMSMetrics" name="test_overview_returns_pms_fields" time="0.128" /><testcase classname="backend.tests.test_iteration27_pms_accounting.TestOverviewPMSMetrics" name="test_per_portfolio_pms_fields" time="0.111" /><testcase classname="backend.tests.test_iteration27_pms_accounting.TestPMSMathInvariants" name="test_aggregate_total_pnl_equals_realized_plus_unrealized" time="0.109" /><testcase classname="backend.tests.test_iteration27_pms_accounting.TestPMSMathInvariants" name="test_per_portfolio_total_pnl_equals_realized_plus_unrealized" time="0.107" /><testcase classname="backend.tests.test_iteration27_pms_accounting.TestPMSMathInvariants" name="test_sum_of_portfolio_totals_equals_aggregate" time="0.106" /><testcase classname="backend.tests.test_iteration27_pms_accounting.TestPortfolioHealthyHoldings" name="test_all_portfolios_have_holdings" time="0.110" /><testcase classname="backend.tests.test_iteration27_pms_accounting.TestPortfolioHealthyHoldings" name="test_portfolio_weights_sum_close_to_100" time="0.120" /><testcase classname="backend.tests.test_iteration27_pms_accounting.TestPOWERGRIDReconciliation" name="test_powergrid_in_damaged_portfolios" time="0.117" /><testcase classname="backend.tests.test_iteration27_pms_accounting.TestRegressionEndpoints" name="test_xirr_endpoint_works" time="0.652" /><testcase classname="backend.tests.test_iteration27_pms_accounting.TestRegressionEndpoints" name="test_portfolio_analytics_endpoint" time="0.104" /><testcase classname="backend.tests.test_iteration27_pms_accounting.TestRegressionEndpoints" name="test_custom_portfolios_endpoint" time="0.106" /><testcase classname="backend.tests.test_iteration27_pms_accounting.TestRegressionEndpoints" name="test_big_market_overview_no_500" time="0.698" /><testcase classname="backend.tests.test_iteration27_pms_accounting.TestExitHistoryEndpoint" name="test_exit_history_returns_data" time="0.506" /></testsuite></testsuites>