<?xml version="1.0" encoding="utf-8"?><testsuites name="pytest tests"><testsuite name="pytest" errors="0" failures="0" skipped="0" tests="42" time="7.375" timestamp="2026-04-13T21:01:13.259024+00:00" hostname="agent-env-7838dc5a-5ae1-463e-8bb7-4415e2229d56"><testcase classname="backend.tests.test_iteration14_simulation.TestSimulationEndpoints" name="test_health_check" time="0.292" /><testcase classname="backend.tests.test_iteration14_simulation.TestSimulationEndpoints" name="test_simulation_endpoint_returns_complete[value_stocks]" time="1.000" /><testcase classname="backend.tests.test_iteration14_simulation.TestSimulationEndpoints" name="test_simulation_endpoint_returns_complete[long_term]" time="0.169" /><testcase classname="backend.tests.test_iteration14_simulation.TestSimulationEndpoints" name="test_simulation_endpoint_returns_complete[bespoke_forward_looking]" time="0.125" /><testcase classname="backend.tests.test_iteration14_simulation.TestSimulationEndpoints" name="test_simulation_endpoint_returns_complete[quick_entry]" time="0.115" /><testcase classname="backend.tests.test_iteration14_simulation.TestSimulationEndpoints" name="test_simulation_endpoint_returns_complete[swing]" time="0.157" /><testcase classname="backend.tests.test_iteration14_simulation.TestSimulationEndpoints" name="test_simulation_endpoint_returns_complete[alpha_generator]" time="0.135" /><testcase classname="backend.tests.test_iteration14_simulation.TestSimulationEndpoints" name="test_simulation_has_lstm_forecast[value_stocks]" time="0.135" /><testcase classname="backend.tests.test_iteration14_simulation.TestSimulationEndpoints" name="test_simulation_has_lstm_forecast[long_term]" time="0.109" /><testcase classname="backend.tests.test_iteration14_simulation.TestSimulationEndpoints" name="test_simulation_has_lstm_forecast[bespoke_forward_looking]" time="0.135" /><testcase classname="backend.tests.test_iteration14_simulation.TestSimulationEndpoints" name="test_simulation_has_lstm_forecast[quick_entry]" time="0.114" /><testcase classname="backend.tests.test_iteration14_simulation.TestSimulationEndpoints" name="test_simulation_has_lstm_forecast[swing]" time="0.256" /><testcase classname="backend.tests.test_iteration14_simulation.TestSimulationEndpoints" name="test_simulation_has_lstm_forecast[alpha_generator]" time="0.109" /><testcase classname="backend.tests.test_iteration14_simulation.TestSimulationEndpoints" name="test_simulation_has_fan_chart[value_stocks]" time="0.106" /><testcase classname="backend.tests.test_iteration14_simulation.TestSimulationEndpoints" name="test_simulation_has_fan_chart[long_term]" time="0.128" /><testcase classname="backend.tests.test_iteration14_simulation.TestSimulationEndpoints" name="test_simulation_has_fan_chart[bespoke_forward_looking]" time="0.130" /><testcase classname="backend.tests.test_iteration14_simulation.TestSimulationEndpoints" name="test_simulation_has_fan_chart[quick_entry]" time="0.135" /><testcase classname="backend.tests.test_iteration14_simulation.TestSimulationEndpoints" name="test_simulation_has_fan_chart[swing]" time="0.119" /><testcase classname="backend.tests.test_iteration14_simulation.TestSimulationEndpoints" name="test_simulation_has_fan_chart[alpha_generator]" time="0.174" /><testcase classname="backend.tests.test_iteration14_simulation.TestSimulationEndpoints" name="test_simulation_has_distribution_chart[value_stocks]" time="0.139" /><testcase classname="backend.tests.test_iteration14_simulation.TestSimulationEndpoints" name="test_simulation_has_distribution_chart[long_term]" time="0.135" /><testcase classname="backend.tests.test_iteration14_simulation.TestSimulationEndpoints" name="test_simulation_has_distribution_chart[bespoke_forward_looking]" time="0.150" /><testcase classname="backend.tests.test_iteration14_simulation.TestSimulationEndpoints" name="test_simulation_has_distribution_chart[quick_entry]" time="0.187" /><testcase classname="backend.tests.test_iteration14_simulation.TestSimulationEndpoints" name="test_simulation_has_distribution_chart[swing]" time="0.105" /><testcase classname="backend.tests.test_iteration14_simulation.TestSimulationEndpoints" name="test_simulation_has_distribution_chart[alpha_generator]" time="0.127" /><testcase classname="backend.tests.test_iteration14_simulation.TestSimulationEndpoints" name="test_simulation_has_risk_metrics[value_stocks]" time="0.120" /><testcase classname="backend.tests.test_iteration14_simulation.TestSimulationEndpoints" name="test_simulation_has_risk_metrics[long_term]" time="0.137" /><testcase classname="backend.tests.test_iteration14_simulation.TestSimulationEndpoints" name="test_simulation_has_risk_metrics[bespoke_forward_looking]" time="0.111" /><testcase classname="backend.tests.test_iteration14_simulation.TestSimulationEndpoints" name="test_simulation_has_risk_metrics[quick_entry]" time="0.114" /><testcase classname="backend.tests.test_iteration14_simulation.TestSimulationEndpoints" name="test_simulation_has_risk_metrics[swing]" time="0.108" /><testcase classname="backend.tests.test_iteration14_simulation.TestSimulationEndpoints" name="test_simulation_has_risk_metrics[alpha_generator]" time="0.129" /><testcase classname="backend.tests.test_iteration14_simulation.TestSimulationEndpoints" name="test_simulation_has_terminal_stats[value_stocks]" time="0.105" /><testcase classname="backend.tests.test_iteration14_simulation.TestSimulationEndpoints" name="test_simulation_has_terminal_stats[long_term]" time="0.125" /><testcase classname="backend.tests.test_iteration14_simulation.TestSimulationEndpoints" name="test_simulation_has_terminal_stats[bespoke_forward_looking]" time="0.164" /><testcase classname="backend.tests.test_iteration14_simulation.TestSimulationEndpoints" name="test_simulation_has_terminal_stats[quick_entry]" time="0.133" /><testcase classname="backend.tests.test_iteration14_simulation.TestSimulationEndpoints" name="test_simulation_has_terminal_stats[swing]" time="0.125" /><testcase classname="backend.tests.test_iteration14_simulation.TestSimulationEndpoints" name="test_simulation_has_terminal_stats[alpha_generator]" time="0.132" /><testcase classname="backend.tests.test_iteration14_simulation.TestSimulationEndpoints" name="test_swing_trader_expected_return" time="0.137" /><testcase classname="backend.tests.test_iteration14_simulation.TestSimulationEndpoints" name="test_all_simulations_complete" time="0.441" /><testcase classname="backend.tests.test_iteration14_simulation.TestSimulationDataQuality" name="test_simulation_metadata" time="0.430" /><testcase classname="backend.tests.test_iteration14_simulation.TestSimulationDataQuality" name="test_monte_carlo_simulation_params" time="0.130" /><testcase classname="backend.tests.test_iteration14_simulation.TestSimulationDataQuality" name="test_fan_chart_progression" time="0.134" /></testsuite></testsuites>