<?xml version="1.0" encoding="utf-8"?><testsuites name="pytest tests"><testsuite name="pytest" errors="0" failures="0" skipped="0" tests="11" time="3.335" timestamp="2026-04-13T19:29:11.935231+00:00" hostname="agent-env-a29bc951-c577-4476-9873-adb430bfbe2d"><testcase classname="backend.tests.test_iteration12_analytics.TestHealthEndpoint" name="test_health_returns_ok" time="0.251" /><testcase classname="backend.tests.test_iteration12_analytics.TestPortfolioOverview" name="test_overview_returns_6_active_portfolios" time="0.128" /><testcase classname="backend.tests.test_iteration12_analytics.TestPortfolioAnalytics" name="test_analytics_returns_global_sector_allocation" time="0.127" /><testcase classname="backend.tests.test_iteration12_analytics.TestPortfolioAnalytics" name="test_analytics_returns_portfolios_with_risk_metrics" time="0.160" /><testcase classname="backend.tests.test_iteration12_analytics.TestPortfolioAnalytics" name="test_analytics_returns_top_and_worst_performers" time="0.118" /><testcase classname="backend.tests.test_iteration12_analytics.TestPortfolioAnalytics" name="test_analytics_aggregate_metrics" time="0.122" /><testcase classname="backend.tests.test_iteration12_analytics.TestHardenedV2Pipeline" name="test_all_portfolios_use_hardened_v2_pipeline" time="0.165" /><testcase classname="backend.tests.test_iteration12_analytics.TestHardenedV2Pipeline" name="test_portfolios_have_10_stocks_with_enriched_data" time="0.135" /><testcase classname="backend.tests.test_iteration12_analytics.TestRebalanceLogs" name="test_rebalance_log_returns_logs_array" time="0.129" /><testcase classname="backend.tests.test_iteration12_analytics.TestBSEEndpoints" name="test_bse_gainers_returns_data" time="1.805" /><testcase classname="backend.tests.test_iteration12_analytics.TestAnalyticsPageData" name="test_analytics_data_structure_for_frontend" time="0.106" /></testsuite></testsuites>