<?xml version="1.0" encoding="utf-8"?><testsuites name="pytest tests"><testsuite name="pytest" errors="0" failures="0" skipped="0" tests="15" time="58.904" timestamp="2026-04-19T19:13:31.293586+00:00" hostname="agent-env-7cfdef16-08df-432a-bda7-3edafa490099"><testcase classname="backend.tests.test_iteration31_intel_endpoints.TestAuth" name="test_login_returns_jwt" time="0.850" /><testcase classname="backend.tests.test_iteration31_intel_endpoints.TestMovers" name="test_movers_shape" time="25.760" /><testcase classname="backend.tests.test_iteration31_intel_endpoints.TestFIIDII" name="test_fii_dii_flows" time="13.749" /><testcase classname="backend.tests.test_iteration31_intel_endpoints.TestEarningsCalendar" name="test_earnings_list" time="1.147" /><testcase classname="backend.tests.test_iteration31_intel_endpoints.TestPCR" name="test_pcr_shape" time="13.372" /><testcase classname="backend.tests.test_iteration31_intel_endpoints.TestAnalystEstimates" name="test_estimates[RELIANCE]" time="1.076" /><testcase classname="backend.tests.test_iteration31_intel_endpoints.TestAnalystEstimates" name="test_estimates[TCS]" time="1.035" /><testcase classname="backend.tests.test_iteration31_intel_endpoints.TestNews" name="test_news_items" time="0.728" /><testcase classname="backend.tests.test_iteration31_intel_endpoints.TestCompliance" name="test_compliance_stats" time="0.059" /><testcase classname="backend.tests.test_iteration31_intel_endpoints.TestCompliance" name="test_compliance_research_regression" time="0.051" /><testcase classname="backend.tests.test_iteration31_intel_endpoints.TestCockpit" name="test_cockpit_all_keys" time="0.055" /><testcase classname="backend.tests.test_iteration31_intel_endpoints.TestCockpit" name="test_cockpit_slow" time="0.051" /><testcase classname="backend.tests.test_iteration31_intel_endpoints.TestCockpit" name="test_big_market_overview" time="0.748" /><testcase classname="backend.tests.test_iteration31_intel_endpoints.TestCockpit" name="test_guidance_stats" time="0.072" /><testcase classname="backend.tests.test_iteration31_intel_endpoints.TestNSEBackfillProgress" name="test_nse_circular_count_growing" time="0.053" /></testsuite></testsuites>