<?xml version="1.0" encoding="utf-8"?><testsuites name="pytest tests"><testsuite name="pytest" errors="0" failures="0" skipped="0" tests="15" time="6.842" timestamp="2026-04-13T17:37:07.877224+00:00" hostname="agent-env-d34a02eb-912c-4cac-bf4f-4da764ae5c67"><testcase classname="backend.tests.test_iteration9_portfolios.TestHealthAndRegression" name="test_health_endpoint" time="0.196" /><testcase classname="backend.tests.test_iteration9_portfolios.TestHealthAndRegression" name="test_guidance_stats_regression" time="0.141" /><testcase classname="backend.tests.test_iteration9_portfolios.TestHealthAndRegression" name="test_market_overview_regression" time="1.850" /><testcase classname="backend.tests.test_iteration9_portfolios.TestPortfolioOverview" name="test_portfolio_overview_endpoint" time="0.110" /><testcase classname="backend.tests.test_iteration9_portfolios.TestPortfoliosList" name="test_portfolios_list_endpoint" time="0.107" /><testcase classname="backend.tests.test_iteration9_portfolios.TestSpecificPortfolios" name="test_long_term_portfolio" time="0.159" /><testcase classname="backend.tests.test_iteration9_portfolios.TestSpecificPortfolios" name="test_alpha_generator_portfolio" time="0.145" /><testcase classname="backend.tests.test_iteration9_portfolios.TestSpecificPortfolios" name="test_bespoke_forward_looking_portfolio" time="0.170" /><testcase classname="backend.tests.test_iteration9_portfolios.TestSpecificPortfolios" name="test_invalid_portfolio_returns_404" time="0.115" /><testcase classname="backend.tests.test_iteration9_portfolios.TestPortfolioPriceRefresh" name="test_refresh_prices_long_term" time="2.635" /><testcase classname="backend.tests.test_iteration9_portfolios.TestRebalanceLogs" name="test_recent_rebalance_logs" time="0.146" /><testcase classname="backend.tests.test_iteration9_portfolios.TestPDFExtractionStats" name="test_pdf_stats_endpoint" time="0.125" /><testcase classname="backend.tests.test_iteration9_portfolios.TestSignalAlerts" name="test_signal_alerts_endpoint" time="0.104" /><testcase classname="backend.tests.test_iteration9_portfolios.TestBSEQuoteRegression" name="test_bse_quote_reliance" time="0.647" /><testcase classname="backend.tests.test_iteration9_portfolios.TestOldWatchlistEndpointsRemoved" name="test_old_watchlist_endpoint_removed" time="0.102" /></testsuite></testsuites>