<?xml version="1.0" encoding="utf-8"?><testsuites name="pytest tests"><testsuite name="pytest" errors="0" failures="0" skipped="0" tests="7" time="1.176" timestamp="2026-04-15T08:42:19.205809+00:00" hostname="agent-env-1689a066-5dea-4940-af37-63909cfa5fbc"><testcase classname="backend.tests.test_iteration21_stock_documents.TestStockDocumentsAPI" name="test_hdfcbank_documents_returns_categorized_data" time="0.188" /><testcase classname="backend.tests.test_iteration21_stock_documents.TestStockDocumentsAPI" name="test_hdfcbank_document_item_structure" time="0.167" /><testcase classname="backend.tests.test_iteration21_stock_documents.TestStockDocumentsAPI" name="test_reliance_documents_returns_data" time="0.112" /><testcase classname="backend.tests.test_iteration21_stock_documents.TestStockDocumentsAPI" name="test_nonexistent_stock_returns_empty_gracefully" time="0.143" /><testcase classname="backend.tests.test_iteration21_stock_documents.TestStockDocumentsAPI" name="test_case_insensitive_symbol_lookup" time="0.256" /><testcase classname="backend.tests.test_iteration21_stock_documents.TestStockDocumentsAPI" name="test_tcs_documents_endpoint" time="0.108" /><testcase classname="backend.tests.test_iteration21_stock_documents.TestGuidanceStocksEndpoint" name="test_guidance_stocks_returns_list" time="0.123" /></testsuite></testsuites>