<?xml version="1.0" encoding="utf-8"?><testsuites name="pytest tests"><testsuite name="pytest" errors="0" failures="0" skipped="0" tests="13" time="22.253" timestamp="2026-04-14T19:35:59.170638+00:00" hostname="agent-env-1689a066-5dea-4940-af37-63909cfa5fbc"><testcase classname="backend.tests.test_iteration19_briefing.TestGuidanceBriefing" name="test_health_check" time="7.244" /><testcase classname="backend.tests.test_iteration19_briefing.TestGuidanceBriefing" name="test_get_briefing_returns_200" time="0.194" /><testcase classname="backend.tests.test_iteration19_briefing.TestGuidanceBriefing" name="test_get_briefing_has_narrative" time="0.226" /><testcase classname="backend.tests.test_iteration19_briefing.TestGuidanceBriefing" name="test_get_briefing_has_critical_filings" time="0.153" /><testcase classname="backend.tests.test_iteration19_briefing.TestGuidanceBriefing" name="test_get_briefing_has_insider_activity" time="0.142" /><testcase classname="backend.tests.test_iteration19_briefing.TestGuidanceBriefing" name="test_get_briefing_has_upcoming_agms" time="0.163" /><testcase classname="backend.tests.test_iteration19_briefing.TestGuidanceBriefing" name="test_get_briefing_has_board_meetings" time="0.158" /><testcase classname="backend.tests.test_iteration19_briefing.TestGuidanceBriefing" name="test_get_briefing_has_top_active_stocks" time="0.154" /><testcase classname="backend.tests.test_iteration19_briefing.TestGuidanceBriefing" name="test_get_briefing_has_generated_at" time="0.108" /><testcase classname="backend.tests.test_iteration19_briefing.TestGuidanceBriefing" name="test_briefing_caching_same_timestamp" time="2.335" /><testcase classname="backend.tests.test_iteration19_briefing.TestGuidanceBriefing" name="test_refresh_briefing_returns_200" time="6.095" /><testcase classname="backend.tests.test_iteration19_briefing.TestGuidanceBriefing" name="test_refresh_briefing_returns_fresh_data" time="5.065" /><testcase classname="backend.tests.test_iteration19_briefing.TestGuidanceBriefing" name="test_briefing_response_structure_complete" time="0.127" /></testsuite></testsuites>