<?xml version="1.0" encoding="utf-8"?><testsuites name="pytest tests"><testsuite name="pytest" errors="0" failures="0" skipped="0" tests="11" time="1.978" timestamp="2026-04-13T22:51:25.509242+00:00" hostname="agent-env-7838dc5a-5ae1-463e-8bb7-4415e2229d56"><testcase classname="backend.tests.test_iteration16_rebuild_walkforward.TestPortfolioRebuild" name="test_rebuild_all_endpoint_accessible" time="0.140" /><testcase classname="backend.tests.test_iteration16_rebuild_walkforward.TestPortfolioRebuild" name="test_overview_returns_valid_structure" time="0.141" /><testcase classname="backend.tests.test_iteration16_rebuild_walkforward.TestWalkForwardTracking" name="test_walk_forward_all_endpoint" time="0.111" /><testcase classname="backend.tests.test_iteration16_rebuild_walkforward.TestWalkForwardTracking" name="test_walk_forward_specific_portfolio" time="0.131" /><testcase classname="backend.tests.test_iteration16_rebuild_walkforward.TestWalkForwardTracking" name="test_walk_forward_nonexistent_portfolio" time="0.132" /><testcase classname="backend.tests.test_iteration16_rebuild_walkforward.TestWalkForwardTracking" name="test_walk_forward_all_strategies" time="0.700" /><testcase classname="backend.tests.test_iteration16_rebuild_walkforward.TestScannerHistory" name="test_scan_history_endpoint_accessible" time="0.099" /><testcase classname="backend.tests.test_iteration16_rebuild_walkforward.TestScannerHistory" name="test_scan_history_with_limit" time="0.120" /><testcase classname="backend.tests.test_iteration16_rebuild_walkforward.TestScannerHistory" name="test_scan_history_structure" time="0.110" /><testcase classname="backend.tests.test_iteration16_rebuild_walkforward.TestPortfolioAnalytics" name="test_analytics_handles_empty_state" time="0.116" /><testcase classname="backend.tests.test_iteration16_rebuild_walkforward.TestRebuildAllStructure" name="test_rebuild_endpoint_exists" time="0.107" /></testsuite></testsuites>