<?xml version="1.0" encoding="utf-8"?><testsuites name="pytest tests"><testsuite name="pytest" errors="0" failures="0" skipped="0" tests="17" time="28.700" timestamp="2026-04-13T17:59:33.898211+00:00" hostname="agent-env-a29bc951-c577-4476-9873-adb430bfbe2d"><testcase classname="backend.tests.test_iteration10_api.TestHealthAndBasics" name="test_health_endpoint" time="0.229" /><testcase classname="backend.tests.test_iteration10_api.TestPortfolioRoutes" name="test_portfolios_overview" time="0.120" /><testcase classname="backend.tests.test_iteration10_api.TestPortfolioRoutes" name="test_portfolios_list" time="0.131" /><testcase classname="backend.tests.test_iteration10_api.TestPortfolioRoutes" name="test_portfolio_detail_bespoke" time="0.144" /><testcase classname="backend.tests.test_iteration10_api.TestPortfolioRoutes" name="test_rebalance_log_all_recent" time="0.120" /><testcase classname="backend.tests.test_iteration10_api.TestPortfolioRoutes" name="test_rebalance_log_quick_entry" time="0.139" /><testcase classname="backend.tests.test_iteration10_api.TestSymbolRoutes" name="test_symbols_list" time="0.105" /><testcase classname="backend.tests.test_iteration10_api.TestSymbolRoutes" name="test_symbols_nifty50" time="0.119" /><testcase classname="backend.tests.test_iteration10_api.TestSymbolRoutes" name="test_sectors_list" time="0.316" /><testcase classname="backend.tests.test_iteration10_api.TestMarketRoutes" name="test_market_cockpit" time="24.773" /><testcase classname="backend.tests.test_iteration10_api.TestSignalRoutes" name="test_signals_active" time="0.775" /><testcase classname="backend.tests.test_iteration10_api.TestSignalRoutes" name="test_signals_history" time="0.128" /><testcase classname="backend.tests.test_iteration10_api.TestSignalRoutes" name="test_signals_track_record" time="0.139" /><testcase classname="backend.tests.test_iteration10_api.TestSignalRoutes" name="test_signals_alerts" time="0.151" /><testcase classname="backend.tests.test_iteration10_api.TestGuidanceRoutes" name="test_guidance_stats" time="0.115" /><testcase classname="backend.tests.test_iteration10_api.TestBSERoutes" name="test_bse_gainers" time="0.139" /><testcase classname="backend.tests.test_iteration10_api.TestBSERoutes" name="test_bse_advance_decline" time="0.963" /></testsuite></testsuites>