<?xml version="1.0" encoding="utf-8"?><testsuites name="pytest tests"><testsuite name="pytest" errors="0" failures="0" skipped="0" tests="9" time="9.416" timestamp="2026-04-15T05:06:04.779700+00:00" hostname="agent-env-1689a066-5dea-4940-af37-63909cfa5fbc"><testcase classname="backend.tests.test_iteration20_portfolio_detail.TestXirrEndpoint" name="test_xirr_bespoke_forward_looking" time="7.804" /><testcase classname="backend.tests.test_iteration20_portfolio_detail.TestXirrEndpoint" name="test_xirr_quick_entry" time="0.146" /><testcase classname="backend.tests.test_iteration20_portfolio_detail.TestXirrEndpoint" name="test_xirr_all_portfolios" time="0.696" /><testcase classname="backend.tests.test_iteration20_portfolio_detail.TestXirrEndpoint" name="test_xirr_invalid_portfolio" time="0.155" /><testcase classname="backend.tests.test_iteration20_portfolio_detail.TestRebalanceLogEndpoint" name="test_rebalance_log_bespoke_forward_looking" time="0.141" /><testcase classname="backend.tests.test_iteration20_portfolio_detail.TestRebalanceLogEndpoint" name="test_rebalance_log_empty_is_valid" time="0.096" /><testcase classname="backend.tests.test_iteration20_portfolio_detail.TestPortfolioDetailEndpoint" name="test_portfolio_detail_bespoke_forward_looking" time="0.098" /><testcase classname="backend.tests.test_iteration20_portfolio_detail.TestPortfolioDetailEndpoint" name="test_portfolio_detail_has_holdings" time="0.107" /><testcase classname="backend.tests.test_iteration20_portfolio_detail.TestHealthCheck" name="test_health" time="0.099" /></testsuite></testsuites>