<?xml version="1.0" encoding="utf-8"?><testsuites name="pytest tests"><testsuite name="pytest" errors="0" failures="0" skipped="0" tests="20" time="2.972" timestamp="2026-04-13T20:13:26.763626+00:00" hostname="agent-env-a29bc951-c577-4476-9873-adb430bfbe2d"><testcase classname="backend.tests.test_iteration13_hardening.TestHealthAndOverview" name="test_health_endpoint" time="0.252" /><testcase classname="backend.tests.test_iteration13_hardening.TestHealthAndOverview" name="test_portfolios_overview_returns_6_active" time="0.142" /><testcase classname="backend.tests.test_iteration13_hardening.TestAnalyticsEndpoint" name="test_analytics_returns_data" time="0.145" /><testcase classname="backend.tests.test_iteration13_hardening.TestBacktestEndpoints" name="test_backtest_value_stocks" time="0.134" /><testcase classname="backend.tests.test_iteration13_hardening.TestBacktestEndpoints" name="test_backtest_long_term" time="0.150" /><testcase classname="backend.tests.test_iteration13_hardening.TestBacktestEndpoints" name="test_backtest_bespoke_forward_looking" time="0.132" /><testcase classname="backend.tests.test_iteration13_hardening.TestBacktestEndpoints" name="test_backtest_has_benchmark_comparison" time="0.127" /><testcase classname="backend.tests.test_iteration13_hardening.TestBacktestEndpoints" name="test_backtest_chart_data_has_portfolio_and_nifty50" time="0.136" /><testcase classname="backend.tests.test_iteration13_hardening.TestPortfolioHardeningFeatures" name="test_value_stocks_has_construction_log" time="0.130" /><testcase classname="backend.tests.test_iteration13_hardening.TestPortfolioHardeningFeatures" name="test_sector_diversification_max_3_per_sector" time="0.155" /><testcase classname="backend.tests.test_iteration13_hardening.TestPortfolioHardeningFeatures" name="test_holdings_have_weight_field" time="0.160" /><testcase classname="backend.tests.test_iteration13_hardening.TestBacktestMetricsValidation" name="test_sharpe_ratio_reasonable" time="0.134" /><testcase classname="backend.tests.test_iteration13_hardening.TestBacktestMetricsValidation" name="test_max_drawdown_positive" time="0.131" /><testcase classname="backend.tests.test_iteration13_hardening.TestBacktestMetricsValidation" name="test_win_rate_between_0_and_100" time="0.127" /><testcase classname="backend.tests.test_iteration13_hardening.TestAllBacktestEndpoints" name="test_backtest_endpoint_exists[value_stocks]" time="0.152" /><testcase classname="backend.tests.test_iteration13_hardening.TestAllBacktestEndpoints" name="test_backtest_endpoint_exists[long_term]" time="0.133" /><testcase classname="backend.tests.test_iteration13_hardening.TestAllBacktestEndpoints" name="test_backtest_endpoint_exists[bespoke_forward_looking]" time="0.129" /><testcase classname="backend.tests.test_iteration13_hardening.TestAllBacktestEndpoints" name="test_backtest_endpoint_exists[quick_entry]" time="0.128" /><testcase classname="backend.tests.test_iteration13_hardening.TestAllBacktestEndpoints" name="test_backtest_endpoint_exists[swing]" time="0.159" /><testcase classname="backend.tests.test_iteration13_hardening.TestAllBacktestEndpoints" name="test_backtest_endpoint_exists[alpha_generator]" time="0.121" /></testsuite></testsuites>