<?xml version="1.0" encoding="utf-8"?><testsuites name="pytest tests"><testsuite name="pytest" errors="0" failures="0" skipped="0" tests="14" time="2.535" timestamp="2026-04-13T18:24:48.308329+00:00" hostname="agent-env-a29bc951-c577-4476-9873-adb430bfbe2d"><testcase classname="backend.tests.test_iteration11_hardened_pipeline.TestHealthAndBasics" name="test_health_endpoint" time="0.205" /><testcase classname="backend.tests.test_iteration11_hardened_pipeline.TestPortfolioOverview" name="test_portfolios_overview_returns_6_active" time="0.120" /><testcase classname="backend.tests.test_iteration11_hardened_pipeline.TestPortfolioOverview" name="test_portfolios_list_with_strategies" time="0.162" /><testcase classname="backend.tests.test_iteration11_hardened_pipeline.TestValueStocksHardenedPipeline" name="test_value_stocks_has_hardened_v2_pipeline" time="0.111" /><testcase classname="backend.tests.test_iteration11_hardened_pipeline.TestValueStocksHardenedPipeline" name="test_value_stocks_construction_log_fields" time="0.105" /><testcase classname="backend.tests.test_iteration11_hardened_pipeline.TestValueStocksHardenedPipeline" name="test_value_stocks_holdings_have_technical_signal" time="0.147" /><testcase classname="backend.tests.test_iteration11_hardened_pipeline.TestValueStocksHardenedPipeline" name="test_value_stocks_holdings_have_fundamental_grade" time="0.112" /><testcase classname="backend.tests.test_iteration11_hardened_pipeline.TestValueStocksHardenedPipeline" name="test_value_stocks_holdings_have_filing_insight" time="0.151" /><testcase classname="backend.tests.test_iteration11_hardened_pipeline.TestValueStocksHardenedPipeline" name="test_value_stocks_holdings_have_rationale_with_metrics" time="0.112" /><testcase classname="backend.tests.test_iteration11_hardened_pipeline.TestValueStocksHardenedPipeline" name="test_value_stocks_holdings_have_risk_flag" time="0.119" /><testcase classname="backend.tests.test_iteration11_hardened_pipeline.TestBespokeForwardLooking" name="test_bespoke_forward_looking_active_with_10_holdings" time="0.111" /><testcase classname="backend.tests.test_iteration11_hardened_pipeline.TestRebalanceLogs" name="test_rebalance_log_all_recent" time="0.108" /><testcase classname="backend.tests.test_iteration11_hardened_pipeline.TestSignals" name="test_signals_active" time="0.761" /><testcase classname="backend.tests.test_iteration11_hardened_pipeline.TestGuidance" name="test_guidance_stats" time="0.119" /></testsuite></testsuites>