<?xml version="1.0" encoding="utf-8"?><testsuites name="pytest tests"><testsuite name="pytest" errors="0" failures="0" skipped="0" tests="14" time="12.109" timestamp="2026-04-17T19:30:23.347047+00:00" hostname="agent-env-03dde1ad-f4a3-4690-bc27-acb490225d23"><testcase classname="backend.tests.test_iteration25_pnl_math.TestOverviewPnLMath" name="test_overview_pnl_uses_capital_basis" time="7.990" /><testcase classname="backend.tests.test_iteration25_pnl_math.TestOverviewPnLMath" name="test_overview_honesty_invariant" time="0.188" /><testcase classname="backend.tests.test_iteration25_pnl_math.TestOverviewPnLMath" name="test_overview_aggregation_invariant" time="0.140" /><testcase classname="backend.tests.test_iteration25_pnl_math.TestOverviewPnLMath" name="test_per_portfolio_pnl_uses_capital_basis" time="0.117" /><testcase classname="backend.tests.test_iteration25_pnl_math.TestAnalyticsPnLMath" name="test_analytics_pnl_uses_capital_basis" time="0.160" /><testcase classname="backend.tests.test_iteration25_pnl_math.TestXIRREndpoint" name="test_xirr_returns_capital_field[bespoke_forward_looking]" time="0.107" /><testcase classname="backend.tests.test_iteration25_pnl_math.TestXIRREndpoint" name="test_xirr_returns_capital_field[quick_entry]" time="0.174" /><testcase classname="backend.tests.test_iteration25_pnl_math.TestXIRREndpoint" name="test_xirr_returns_capital_field[long_term]" time="0.136" /><testcase classname="backend.tests.test_iteration25_pnl_math.TestXIRREndpoint" name="test_xirr_returns_capital_field[swing]" time="0.138" /><testcase classname="backend.tests.test_iteration25_pnl_math.TestXIRREndpoint" name="test_xirr_returns_capital_field[value_stocks]" time="0.108" /><testcase classname="backend.tests.test_iteration25_pnl_math.TestXIRREndpoint" name="test_xirr_returns_capital_field[alpha_generator]" time="0.139" /><testcase classname="backend.tests.test_iteration25_pnl_math.TestCustomPortfolioPnLMath" name="test_custom_portfolio_pnl_uses_capital_basis" time="1.395" /><testcase classname="backend.tests.test_iteration25_pnl_math.TestCustomPortfolioPnLMath" name="test_custom_portfolio_value_invariant" time="0.473" /><testcase classname="backend.tests.test_iteration25_pnl_math.TestSafeJSONResponse" name="test_big_market_handles_nan_inf" time="0.759" /></testsuite></testsuites>