<?xml version="1.0" encoding="utf-8"?><testsuites name="pytest tests"><testsuite name="pytest" errors="0" failures="0" skipped="0" tests="7" time="3.544" timestamp="2026-04-23T17:48:57.419394+00:00" hostname="agent-env-a68f0043-fccf-41f6-b09c-2b62526ac37f"><testcase classname="backend.tests.test_compliance_bulk_upload.TestComplianceRegression" name="test_stats_endpoint" time="0.221" /><testcase classname="backend.tests.test_compliance_bulk_upload.TestComplianceRegression" name="test_research_endpoint_short_question_rejected" time="0.144" /><testcase classname="backend.tests.test_compliance_bulk_upload.TestComplianceRegression" name="test_bulk_upload_list_endpoint" time="0.113" /><testcase classname="backend.tests.test_compliance_bulk_upload.TestBulkUploadValidation" name="test_invalid_source_rejected" time="0.113" /><testcase classname="backend.tests.test_compliance_bulk_upload.TestBulkUploadValidation" name="test_non_zip_rejected" time="0.153" /><testcase classname="backend.tests.test_compliance_bulk_upload.TestBulkUploadValidation" name="test_unknown_job_id_returns_404" time="0.160" /><testcase classname="backend.tests.test_compliance_bulk_upload.TestBulkUploadE2E" name="test_create_job_and_poll_until_done" time="2.572" /></testsuite></testsuites>