<?xml version="1.0" encoding="utf-8"?><testsuites name="pytest tests"><testsuite name="pytest" errors="0" failures="0" skipped="0" tests="22" time="2.404" timestamp="2026-04-13T22:09:15.685786+00:00" hostname="agent-env-7838dc5a-5ae1-463e-8bb7-4415e2229d56"><testcase classname="tests.test_iteration15_hardening.TestSignalValidation" name="test_validate_signal_bounds_buy_target_below_entry" time="0.007" /><testcase classname="tests.test_iteration15_hardening.TestSignalValidation" name="test_validate_signal_bounds_sell_target_above_entry" time="0.000" /><testcase classname="tests.test_iteration15_hardening.TestSignalValidation" name="test_validate_signal_bounds_risk_reward_computed" time="0.000" /><testcase classname="tests.test_iteration15_hardening.TestSignalValidation" name="test_safe_float_handles_nan_inf" time="0.000" /><testcase classname="tests.test_iteration15_hardening.TestTrackRecordHardening" name="test_track_record_has_data_quality_field" time="0.262" /><testcase classname="tests.test_iteration15_hardening.TestTrackRecordHardening" name="test_track_record_metrics_sanitized" time="0.156" /><testcase classname="tests.test_iteration15_hardening.TestActiveSignalsHardening" name="test_active_signals_sanitized" time="0.588" /><testcase classname="tests.test_iteration15_hardening.TestLearningContext" name="test_learning_context_returns_properly" time="0.106" /><testcase classname="tests.test_iteration15_hardening.TestBatchScannerHardening" name="test_scanner_uses_thread_pool_executor" time="0.497" /><testcase classname="tests.test_iteration15_hardening.TestBatchScannerHardening" name="test_god_mode_scan_has_asyncio_timeout" time="0.002" /><testcase classname="tests.test_iteration15_hardening.TestBatchScannerHardening" name="test_scanner_imports_validation_functions" time="0.001" /><testcase classname="tests.test_iteration15_hardening.TestBatchScannerHardening" name="test_scanner_attaches_factor_score" time="0.002" /><testcase classname="tests.test_iteration15_hardening.TestPortfolioHardeningFunctions" name="test_validate_fundamentals_sanitizes_data" time="0.001" /><testcase classname="tests.test_iteration15_hardening.TestPortfolioHardeningFunctions" name="test_validate_fundamentals_preserves_valid_data" time="0.000" /><testcase classname="tests.test_iteration15_hardening.TestPortfolioHardeningFunctions" name="test_validate_technical_sanitizes_rsi" time="0.000" /><testcase classname="tests.test_iteration15_hardening.TestPerformanceServiceSanitizer" name="test_sf_sanitizer_handles_nan_inf" time="0.000" /><testcase classname="tests.test_iteration15_hardening.TestSignalsRoutesSanitization" name="test_signals_routes_import_sanitization" time="0.181" /><testcase classname="tests.test_iteration15_hardening.TestSignalsRoutesSanitization" name="test_gather_raw_data_uses_validation" time="0.001" /><testcase classname="tests.test_iteration15_hardening.TestAPIEndpoints" name="test_health_endpoint" time="0.097" /><testcase classname="tests.test_iteration15_hardening.TestAPIEndpoints" name="test_track_record_endpoint_structure" time="0.109" /><testcase classname="tests.test_iteration15_hardening.TestAPIEndpoints" name="test_active_signals_endpoint_structure" time="0.137" /><testcase classname="tests.test_iteration15_hardening.TestAPIEndpoints" name="test_learning_context_endpoint_structure" time="0.147" /></testsuite></testsuites>