<?xml version="1.0" encoding="utf-8"?><testsuites name="pytest tests"><testsuite name="pytest" errors="0" failures="0" skipped="0" tests="10" time="164.293" timestamp="2026-04-24T20:46:16.834275+00:00" hostname="agent-env-0da3bcfe-b03b-450a-8d46-8379b46c1496"><testcase classname="backend.tests.test_iteration34_smart_research" name="test_stats_ready" time="0.423" /><testcase classname="backend.tests.test_iteration34_smart_research" name="test_smart_research_narrow" time="15.435" /><testcase classname="backend.tests.test_iteration34_smart_research" name="test_smart_research_multihop" time="18.650" /><testcase classname="backend.tests.test_iteration34_smart_research" name="test_smart_research_thematic" time="16.240" /><testcase classname="backend.tests.test_iteration34_smart_research" name="test_force_mode_override" time="14.743" /><testcase classname="backend.tests.test_iteration34_smart_research" name="test_legacy_research_endpoint" time="13.673" /><testcase classname="backend.tests.test_iteration34_smart_research" name="test_graph_query_enrich_true" time="24.555" /><testcase classname="backend.tests.test_iteration34_smart_research" name="test_graph_query_enrich_cached" time="26.482" /><testcase classname="backend.tests.test_iteration34_smart_research" name="test_smart_research_under_30s" time="20.198" /><testcase classname="backend.tests.test_iteration34_smart_research" name="test_classifier_fields" time="13.824" /></testsuite></testsuites>