<?xml version="1.0" encoding="utf-8"?><testsuites name="pytest tests"><testsuite name="pytest" errors="0" failures="0" skipped="0" tests="11" time="8.568" timestamp="2026-04-18T05:12:08.591946+00:00" hostname="agent-env-03dde1ad-f4a3-4690-bc27-acb490225d23"><testcase classname="backend.tests.test_iteration26_exit_history.TestExitHistoryEndpoint" name="test_value_stocks_exit_history_returns_exits" time="6.611" /><testcase classname="backend.tests.test_iteration26_exit_history.TestExitHistoryEndpoint" name="test_bespoke_exit_history_returns_exits" time="0.185" /><testcase classname="backend.tests.test_iteration26_exit_history.TestExitHistoryEndpoint" name="test_quick_entry_exit_history_returns_exits" time="0.133" /><testcase classname="backend.tests.test_iteration26_exit_history.TestExitHistoryEndpoint" name="test_long_term_no_exits" time="0.126" /><testcase classname="backend.tests.test_iteration26_exit_history.TestExitHistoryEndpoint" name="test_swing_no_exits" time="0.107" /><testcase classname="backend.tests.test_iteration26_exit_history.TestExitHistoryEndpoint" name="test_alpha_generator_no_exits" time="0.109" /><testcase classname="backend.tests.test_iteration26_exit_history.TestExitHistoryEndpoint" name="test_exit_history_math_consistency" time="0.130" /><testcase classname="backend.tests.test_iteration26_exit_history.TestExitHistoryEndpoint" name="test_invalid_portfolio_returns_404" time="0.111" /><testcase classname="backend.tests.test_iteration26_exit_history.TestRegressionOverviewAndXirr" name="test_overview_returns_honest_pnl" time="0.140" /><testcase classname="backend.tests.test_iteration26_exit_history.TestRegressionOverviewAndXirr" name="test_xirr_value_stocks_returns_capital_basis" time="0.127" /><testcase classname="backend.tests.test_iteration26_exit_history.TestRegressionOverviewAndXirr" name="test_xirr_all_portfolios" time="0.703" /></testsuite></testsuites>