<?xml version="1.0" encoding="utf-8"?><testsuites name="pytest tests"><testsuite name="pytest" errors="0" failures="0" skipped="0" tests="12" time="10.582" timestamp="2026-04-16T07:36:42.393919+00:00" hostname="agent-env-1689a066-5dea-4940-af37-63909cfa5fbc"><testcase classname="backend.tests.test_iteration23_big_market.TestBigMarketOverview" name="test_overview_returns_200" time="7.301" /><testcase classname="backend.tests.test_iteration23_big_market.TestBigMarketOverview" name="test_overview_has_indian_indices" time="0.193" /><testcase classname="backend.tests.test_iteration23_big_market.TestBigMarketOverview" name="test_overview_has_global_indices" time="0.178" /><testcase classname="backend.tests.test_iteration23_big_market.TestBigMarketOverview" name="test_overview_has_commodities" time="0.154" /><testcase classname="backend.tests.test_iteration23_big_market.TestBigMarketOverview" name="test_overview_has_currencies" time="0.144" /><testcase classname="backend.tests.test_iteration23_big_market.TestBigMarketOverview" name="test_overview_has_yields" time="0.183" /><testcase classname="backend.tests.test_iteration23_big_market.TestBigMarketOverview" name="test_overview_has_factor_grid" time="0.139" /><testcase classname="backend.tests.test_iteration23_big_market.TestBigMarketOverview" name="test_overview_has_perf_rankings" time="0.144" /><testcase classname="backend.tests.test_iteration23_big_market.TestBigMarketSnapshot" name="test_snapshot_reliance_returns_200" time="0.547" /><testcase classname="backend.tests.test_iteration23_big_market.TestBigMarketSnapshot" name="test_snapshot_reliance_has_required_fields" time="0.204" /><testcase classname="backend.tests.test_iteration23_big_market.TestBigMarketSnapshot" name="test_snapshot_hdfcbank_returns_200" time="0.456" /><testcase classname="backend.tests.test_iteration23_big_market.TestBigMarketSnapshot" name="test_snapshot_invalid_returns_404" time="0.854" /></testsuite></testsuites>