<?xml version="1.0" encoding="utf-8"?><testsuites name="pytest tests"><testsuite name="pytest" errors="0" failures="0" skipped="0" tests="15" time="22.767" timestamp="2026-04-19T09:36:11.038435+00:00" hostname="agent-env-13581ef3-a8d2-46b4-8ed6-4e0f2d864322"><testcase classname="backend.tests.test_compliance.TestStats" name="test_stats_shape" time="0.243" /><testcase classname="backend.tests.test_compliance.TestRebuild" name="test_rebuild" time="0.051" /><testcase classname="backend.tests.test_compliance.TestCirculars" name="test_list_default" time="0.047" /><testcase classname="backend.tests.test_compliance.TestCirculars" name="test_filter_by_source_sebi" time="0.045" /><testcase classname="backend.tests.test_compliance.TestCirculars" name="test_filter_by_source_nse" time="0.046" /><testcase classname="backend.tests.test_compliance.TestCirculars" name="test_search_filter" time="0.057" /><testcase classname="backend.tests.test_compliance.TestCirculars" name="test_pagination" time="0.045" /><testcase classname="backend.tests.test_compliance.TestResearch" name="test_short_question_rejected" time="0.045" /><testcase classname="backend.tests.test_compliance.TestResearch" name="test_empty_question_rejected" time="0.046" /><testcase classname="backend.tests.test_compliance.TestResearch" name="test_research_sebi_insider_trading" time="7.464" /><testcase classname="backend.tests.test_compliance.TestResearch" name="test_research_nse_algo_trading" time="5.833" /><testcase classname="backend.tests.test_compliance.TestResearch" name="test_research_bse_lodr" time="0.045" /><testcase classname="backend.tests.test_compliance.TestResearch" name="test_research_all_sources" time="8.618" /><testcase classname="backend.tests.test_compliance.TestResearch" name="test_research_year_filter" time="0.057" /><testcase classname="backend.tests.test_compliance.TestIngestNow" name="test_ingest_now_returns_started" time="0.046" /></testsuite></testsuites>