<?xml version="1.0" encoding="utf-8"?><testsuites name="pytest tests"><testsuite name="pytest" errors="0" failures="0" skipped="0" tests="10" time="14.140" timestamp="2026-04-17T11:17:34.120915+00:00" hostname="agent-env-03dde1ad-f4a3-4690-bc27-acb490225d23"><testcase classname="backend.tests.test_iteration24_portfolio_accounting.TestCustomPortfolioCreation" name="test_create_portfolio_initializes_accounting_fields" time="6.298" /><testcase classname="backend.tests.test_iteration24_portfolio_accounting.TestCustomPortfolioGet" name="test_get_portfolio_returns_accounting_fields" time="0.596" /><testcase classname="backend.tests.test_iteration24_portfolio_accounting.TestRebalanceAccounting" name="test_rebalance_swap_preserves_cost_basis" time="1.450" /><testcase classname="backend.tests.test_iteration24_portfolio_accounting.TestRebalanceAccounting" name="test_rebalance_updates_realized_pnl" time="0.568" /><testcase classname="backend.tests.test_iteration24_portfolio_accounting.TestRebalanceAccounting" name="test_rebalance_invariant_current_value_equals_holdings_plus_cash" time="1.165" /><testcase classname="backend.tests.test_iteration24_portfolio_accounting.TestRebalanceAccounting" name="test_rebalance_invariant_total_pnl_equals_realized_plus_unrealized" time="0.716" /><testcase classname="backend.tests.test_iteration24_portfolio_accounting.TestRebalanceAccounting" name="test_rebalance_does_not_reset_to_initial_capital" time="1.002" /><testcase classname="backend.tests.test_iteration24_portfolio_accounting.TestRebalanceHistory" name="test_history_returns_rebalance_log_with_change_types" time="0.783" /><testcase classname="backend.tests.test_iteration24_portfolio_accounting.TestPortfolioXIRR" name="test_xirr_returns_accounting_fields" time="0.113" /><testcase classname="backend.tests.test_iteration24_portfolio_accounting.TestWeightChangeRebalance" name="test_weight_increase_buys_more" time="1.296" /></testsuite></testsuites>