<?xml version="1.0" encoding="utf-8"?><testsuites name="pytest tests"><testsuite name="pytest" errors="0" failures="2" skipped="0" tests="11" time="55.319" timestamp="2026-04-13T16:39:47.388087+00:00" hostname="agent-env-d34a02eb-912c-4cac-bf4f-4da764ae5c67"><testcase classname="backend.tests.test_phase8_guidance_ai.TestHealthAndBasics" name="test_health_endpoint" time="0.192" /><testcase classname="backend.tests.test_phase8_guidance_ai.TestGuidanceSuggestions" name="test_suggestions_returns_array" time="0.117" /><testcase classname="backend.tests.test_phase8_guidance_ai.TestGuidanceAsk" name="test_ask_basic_question" time="13.129" /><testcase classname="backend.tests.test_phase8_guidance_ai.TestGuidanceAsk" name="test_ask_with_conversation_history" time="9.158" /><testcase classname="backend.tests.test_phase8_guidance_ai.TestGuidanceAsk" name="test_ask_empty_question_handled" time="17.034" /><testcase classname="backend.tests.test_phase8_guidance_ai.TestGuidanceAsk" name="test_ask_specific_stock_question" time="0.425"><failure message="assert None is not None">backend/tests/test_phase8_guidance_ai.py:134: in test_ask_specific_stock_question
    assert data["answer"] is not None
E   assert None is not None</failure></testcase><testcase classname="backend.tests.test_phase8_guidance_ai.TestGuidanceAsk" name="test_ask_category_question" time="0.374"><failure message="assert None is not None">backend/tests/test_phase8_guidance_ai.py:153: in test_ask_category_question
    assert data["answer"] is not None
E   assert None is not None</failure></testcase><testcase classname="backend.tests.test_phase8_guidance_ai.TestGuidanceAsk" name="test_ask_response_has_sources" time="14.342" /><testcase classname="backend.tests.test_phase8_guidance_ai.TestGuidanceRegressionEndpoints" name="test_guidance_stats_still_works" time="0.159" /><testcase classname="backend.tests.test_phase8_guidance_ai.TestGuidanceRegressionEndpoints" name="test_guidance_items_still_works" time="0.135" /><testcase classname="backend.tests.test_phase8_guidance_ai.TestGuidanceRegressionEndpoints" name="test_guidance_stocks_still_works" time="0.142" /></testsuite></testsuites>