<?xml version="1.0" encoding="utf-8"?><testsuites name="pytest tests"><testsuite name="pytest" errors="0" failures="0" skipped="0" tests="23" time="6.820" timestamp="2026-04-13T16:53:30.068109+00:00" hostname="agent-env-d34a02eb-912c-4cac-bf4f-4da764ae5c67"><testcase classname="backend.tests.test_phase9_new_features.TestHealthAndRegression" name="test_health_endpoint" time="0.203" /><testcase classname="backend.tests.test_phase9_new_features.TestHealthAndRegression" name="test_guidance_stats_regression" time="0.149" /><testcase classname="backend.tests.test_phase9_new_features.TestHealthAndRegression" name="test_market_overview_regression" time="1.901" /><testcase classname="backend.tests.test_phase9_new_features.TestPDFExtraction" name="test_pdf_stats_endpoint" time="0.139" /><testcase classname="backend.tests.test_phase9_new_features.TestPDFExtraction" name="test_pdf_process_endpoint" time="0.116" /><testcase classname="backend.tests.test_phase9_new_features.TestBSEPriceData" name="test_bse_quote_reliance" time="0.537" /><testcase classname="backend.tests.test_phase9_new_features.TestBSEPriceData" name="test_bse_quote_hdfc" time="0.566" /><testcase classname="backend.tests.test_phase9_new_features.TestBSEPriceData" name="test_bse_gainers" time="0.110" /><testcase classname="backend.tests.test_phase9_new_features.TestBSEPriceData" name="test_bse_losers" time="0.118" /><testcase classname="backend.tests.test_phase9_new_features.TestBSEPriceData" name="test_bse_near_52w_high" time="0.142" /><testcase classname="backend.tests.test_phase9_new_features.TestBSEPriceData" name="test_bse_near_52w_low" time="0.118" /><testcase classname="backend.tests.test_phase9_new_features.TestBSEPriceData" name="test_bse_advance_decline" time="1.005" /><testcase classname="backend.tests.test_phase9_new_features.TestWatchlistPortfolio" name="test_get_watchlist" time="0.139" /><testcase classname="backend.tests.test_phase9_new_features.TestWatchlistPortfolio" name="test_get_watchlist_with_prices" time="0.195" /><testcase classname="backend.tests.test_phase9_new_features.TestWatchlistPortfolio" name="test_get_watchlist_summary" time="0.110" /><testcase classname="backend.tests.test_phase9_new_features.TestWatchlistPortfolio" name="test_add_stock_to_watchlist" time="0.170" /><testcase classname="backend.tests.test_phase9_new_features.TestWatchlistPortfolio" name="test_update_watchlist_item" time="0.113" /><testcase classname="backend.tests.test_phase9_new_features.TestWatchlistPortfolio" name="test_remove_stock_from_watchlist" time="0.124" /><testcase classname="backend.tests.test_phase9_new_features.TestWatchlistPortfolio" name="test_verify_test_data_exists" time="0.131" /><testcase classname="backend.tests.test_phase9_new_features.TestSignalAlerts" name="test_signal_alerts_endpoint" time="0.124" /><testcase classname="backend.tests.test_phase9_new_features.TestSignalAlerts" name="test_signal_alerts_with_since_param" time="0.132" /><testcase classname="backend.tests.test_phase9_new_features.TestSignalAlerts" name="test_active_signals_regression" time="0.248" /><testcase classname="backend.tests.test_phase9_new_features.TestGuidanceStocksForWatchlist" name="test_guidance_stocks_for_search" time="0.128" /></testsuite></testsuites>