<?xml version="1.0" encoding="utf-8"?><testsuites name="pytest tests"><testsuite name="pytest" errors="0" failures="1" skipped="0" tests="13" time="148.802" timestamp="2026-04-13T16:10:38.602058+00:00" hostname="agent-env-031e5e35-acd8-4b7f-9b61-41b504f201e7"><testcase classname="backend.tests.test_phase7_guidance.TestHealthAndBasics" name="test_health_endpoint" time="0.182" /><testcase classname="backend.tests.test_phase7_guidance.TestGuidanceStats" name="test_guidance_stats_returns_data" time="8.559" /><testcase classname="backend.tests.test_phase7_guidance.TestGuidanceItems" name="test_guidance_items_basic" time="10.842" /><testcase classname="backend.tests.test_phase7_guidance.TestGuidanceItems" name="test_guidance_filter_by_symbol" time="6.905" /><testcase classname="backend.tests.test_phase7_guidance.TestGuidanceItems" name="test_guidance_filter_by_category" time="6.307" /><testcase classname="backend.tests.test_phase7_guidance.TestGuidanceItems" name="test_guidance_search_headlines" time="8.164" /><testcase classname="backend.tests.test_phase7_guidance.TestGuidanceItems" name="test_guidance_pagination" time="11.296" /><testcase classname="backend.tests.test_phase7_guidance.TestGuidanceStocks" name="test_guidance_stocks_list" time="4.922" /><testcase classname="backend.tests.test_phase7_guidance.TestGuidanceScrape" name="test_scrape_trigger_returns_job_id" time="4.108" /><testcase classname="backend.tests.test_phase7_guidance.TestGuidanceScrape" name="test_scrape_invalid_job_returns_404" time="5.521" /><testcase classname="backend.tests.test_phase7_guidance.TestTrackRecord" name="test_track_record_returns_metrics" time="60.344"><failure message="assert 502 == 200&#10; +  where 502 = &lt;Response [502]&gt;.status_code">backend/tests/test_phase7_guidance.py:226: in test_track_record_returns_metrics
    assert response.status_code == 200
E   assert 502 == 200
E    +  where 502 = &lt;Response [502]&gt;.status_code</failure></testcase><testcase classname="backend.tests.test_phase7_guidance.TestLearningContext" name="test_learning_context_returns_data" time="12.373" /><testcase classname="backend.tests.test_phase7_guidance.TestPDFUrls" name="test_pdf_urls_are_valid_bse_format" time="9.183" /></testsuite></testsuites>