<?xml version="1.0" encoding="utf-8"?><testsuites name="pytest tests"><testsuite name="pytest" errors="0" failures="0" skipped="0" tests="5" time="31.153" timestamp="2026-04-15T09:08:20.031024+00:00" hostname="agent-env-84159564-6e5a-467d-98f5-05e4ec5d9944"><testcase classname="test_bmia_apis.TestScannerAPI" name="test_ai_scan_endpoint" time="29.893" /><testcase classname="test_bmia_apis.TestPortfolioAPI" name="test_portfolios_endpoint" time="0.486" /><testcase classname="test_bmia_apis.TestPortfolioAPI" name="test_walk_forward_endpoint" time="0.125" /><testcase classname="test_bmia_apis.TestGuidanceAPI" name="test_guidance_endpoint_page1" time="0.167" /><testcase classname="test_bmia_apis.TestGuidanceAPI" name="test_guidance_pagination" time="0.367" /></testsuite></testsuites>